<?xml version="1.0" encoding="UTF-8"?>
<testng-results ignored="0" total="1" passed="1" failed="0" skipped="0">
  <reporter-output>
  </reporter-output>
  <suite started-at="2023-02-05T17:39:22 IST" name="Default suite" finished-at="2023-02-05T17:39:23 IST" duration-ms="48">
    <groups>
    </groups>
    <test started-at="2023-02-05T17:39:22 IST" name="Default test" finished-at="2023-02-05T17:39:23 IST" duration-ms="48">
      <class name="learn_collections.Learn_List">
        <test-method signature="LearnArrayList()[pri:0, instance:learn_collections.Learn_List@52102734]" started-at="2023-02-05T17:39:23 IST" name="LearnArrayList" finished-at="2023-02-05T17:39:23 IST" duration-ms="9" status="PASS">
          <reporter-output>
          </reporter-output>
        </test-method> <!-- LearnArrayList -->
      </class> <!-- learn_collections.Learn_List -->
    </test> <!-- Default test -->
  </suite> <!-- Default suite -->
</testng-results>
