<?xml version="1.0" encoding="UTF-8"?>
<testng-results ignored="0" total="1" passed="1" failed="0" skipped="0">
  <reporter-output>
  </reporter-output>
  <suite started-at="2023-02-08T22:26:08 IST" name="Default suite" finished-at="2023-02-08T22:26:08 IST" duration-ms="62">
    <groups>
    </groups>
    <test started-at="2023-02-08T22:26:08 IST" name="Default test" finished-at="2023-02-08T22:26:08 IST" duration-ms="62">
      <class name="learn_collections.Problems_Solutions">
        <test-method signature="Find_Uniquw()[pri:0, instance:learn_collections.Problems_Solutions@932bc4a]" started-at="2023-02-08T22:26:08 IST" name="Find_Uniquw" finished-at="2023-02-08T22:26:08 IST" duration-ms="9" status="PASS">
          <reporter-output>
          </reporter-output>
        </test-method> <!-- Find_Uniquw -->
      </class> <!-- learn_collections.Problems_Solutions -->
    </test> <!-- Default test -->
  </suite> <!-- Default suite -->
</testng-results>
